{"/Users/alexmccaffrey/304CEM-Assignment/spec/persistence-spec.js":{"path":"/Users/alexmccaffrey/304CEM-Assignment/spec/persistence-spec.js","s":{"1":1,"2":0,"3":0,"4":0,"5":0,"6":0,"7":0,"8":0,"9":0,"10":0,"11":0,"12":0,"13":0,"14":0,"15":0,"16":0},"b":{},"f":{},"fnMap":{},"statementMap":{"1":{"start":{"line":1,"column":0},"end":{"line":1,"column":32}},"2":{"start":{"line":2,"column":0},"end":{"line":2,"column":40}},"3":{"start":{"line":3,"column":0},"end":{"line":3,"column":23}},"4":{"start":{"line":4,"column":0},"end":{"line":4,"column":24}},"5":{"start":{"line":5,"column":0},"end":{"line":5,"column":26}},"6":{"start":{"line":6,"column":0},"end":{"line":6,"column":32}},"7":{"start":{"line":8,"column":0},"end":{"line":13,"column":7}},"8":{"start":{"line":15,"column":0},"end":{"line":22,"column":7}},"9":{"start":{"line":24,"column":0},"end":{"line":30,"column":7}},"10":{"start":{"line":32,"column":0},"end":{"line":38,"column":7}},"11":{"start":{"line":40,"column":0},"end":{"line":45,"column":7}},"12":{"start":{"line":47,"column":0},"end":{"line":54,"column":7}},"13":{"start":{"line":56,"column":0},"end":{"line":64,"column":7}},"14":{"start":{"line":68,"column":0},"end":{"line":78,"column":7}},"15":{"start":{"line":80,"column":0},"end":{"line":87,"column":7}},"16":{"start":{"line":89,"column":0},"end":{"line":96,"column":7}}},"branchMap":{}}}