{"/Users/alexmccaffrey/304CEM-Assignment/modules/flickr.js":{"path":"/Users/alexmccaffrey/304CEM-Assignment/modules/flickr.js","s":{"1":1,"2":1,"3":4,"4":4,"5":4,"6":0,"7":4,"8":4,"9":1,"10":3,"11":3,"12":1,"13":5,"14":5,"15":5,"16":0,"17":5,"18":5,"19":2,"20":3,"21":3,"22":3},"b":{"1":[0,4],"2":[1,3],"3":[0,5],"4":[2,3]},"f":{},"fnMap":{},"statementMap":{"1":{"start":{"line":3,"column":0},"end":{"line":3,"column":34}},"2":{"start":{"line":12,"column":0},"end":{"line":39,"column":1}},"3":{"start":{"line":13,"column":1},"end":{"line":13,"column":200}},"4":{"start":{"line":15,"column":1},"end":{"line":38,"column":3}},"5":{"start":{"line":17,"column":2},"end":{"line":17,"column":53},"skip":true},"6":{"start":{"line":17,"column":11},"end":{"line":17,"column":53},"skip":true},"7":{"start":{"line":19,"column":2},"end":{"line":19,"column":31}},"8":{"start":{"line":21,"column":2},"end":{"line":37,"column":3}},"9":{"start":{"line":21,"column":33},"end":{"line":23,"column":4}},"10":{"start":{"line":25,"column":3},"end":{"line":34,"column":4}},"11":{"start":{"line":36,"column":3},"end":{"line":36,"column":23}},"12":{"start":{"line":48,"column":0},"end":{"line":72,"column":1}},"13":{"start":{"line":49,"column":1},"end":{"line":49,"column":166}},"14":{"start":{"line":51,"column":1},"end":{"line":71,"column":3}},"15":{"start":{"line":53,"column":2},"end":{"line":53,"column":53},"skip":true},"16":{"start":{"line":53,"column":11},"end":{"line":53,"column":53},"skip":true},"17":{"start":{"line":55,"column":2},"end":{"line":55,"column":31}},"18":{"start":{"line":57,"column":2},"end":{"line":70,"column":3}},"19":{"start":{"line":57,"column":28},"end":{"line":57,"column":42}},"20":{"start":{"line":59,"column":3},"end":{"line":59,"column":26}},"21":{"start":{"line":60,"column":3},"end":{"line":67,"column":4}},"22":{"start":{"line":69,"column":3},"end":{"line":69,"column":23}}},"branchMap":{"1":{"line":17,"type":"if","locations":[{"start":{"line":17,"column":2},"end":{"line":17,"column":2},"skip":true},{"start":{"line":17,"column":2},"end":{"line":17,"column":2},"skip":true}]},"2":{"line":21,"type":"if","locations":[{"start":{"line":21,"column":2},"end":{"line":21,"column":2}},{"start":{"line":21,"column":2},"end":{"line":21,"column":2}}]},"3":{"line":53,"type":"if","locations":[{"start":{"line":53,"column":2},"end":{"line":53,"column":2},"skip":true},{"start":{"line":53,"column":2},"end":{"line":53,"column":2},"skip":true}]},"4":{"line":57,"type":"if","locations":[{"start":{"line":57,"column":2},"end":{"line":57,"column":2}},{"start":{"line":57,"column":2},"end":{"line":57,"column":2}}]}}},"/Users/alexmccaffrey/304CEM-Assignment/modules/weather.js":{"path":"/Users/alexmccaffrey/304CEM-Assignment/modules/weather.js","s":{"1":1,"2":1,"3":5,"4":5,"5":5,"6":5,"7":0,"8":5,"9":4,"10":1,"11":0,"12":1,"13":1},"b":{"1":[0,5],"2":[4,1],"3":[0,1]},"f":{},"fnMap":{},"statementMap":{"1":{"start":{"line":2,"column":0},"end":{"line":2,"column":34}},"2":{"start":{"line":4,"column":0},"end":{"line":33,"column":1}},"3":{"start":{"line":5,"column":1},"end":{"line":5,"column":112}},"4":{"start":{"line":7,"column":1},"end":{"line":32,"column":3}},"5":{"start":{"line":8,"column":2},"end":{"line":8,"column":31}},"6":{"start":{"line":10,"column":2},"end":{"line":31,"column":3},"skip":true},"7":{"start":{"line":10,"column":11},"end":{"line":10,"column":27},"skip":true},"8":{"start":{"line":11,"column":7},"end":{"line":31,"column":3},"skip":true},"9":{"start":{"line":11,"column":41},"end":{"line":15,"column":4},"skip":true},"10":{"start":{"line":16,"column":13},"end":{"line":31,"column":3},"skip":true},"11":{"start":{"line":16,"column":47},"end":{"line":18,"column":10},"skip":true},"12":{"start":{"line":20,"column":3},"end":{"line":28,"column":15},"skip":true},"13":{"start":{"line":30,"column":3},"end":{"line":30,"column":23},"skip":true}},"branchMap":{"1":{"line":10,"type":"if","locations":[{"start":{"line":10,"column":2},"end":{"line":10,"column":2},"skip":true},{"start":{"line":10,"column":2},"end":{"line":10,"column":2},"skip":true}]},"2":{"line":11,"type":"if","locations":[{"start":{"line":11,"column":7},"end":{"line":11,"column":7},"skip":true},{"start":{"line":11,"column":7},"end":{"line":11,"column":7},"skip":true}]},"3":{"line":16,"type":"if","locations":[{"start":{"line":16,"column":13},"end":{"line":16,"column":13},"skip":true},{"start":{"line":16,"column":13},"end":{"line":16,"column":13},"skip":true}]}}},"/Users/alexmccaffrey/304CEM-Assignment/modules/authHandler.js":{"path":"/Users/alexmccaffrey/304CEM-Assignment/modules/authHandler.js","s":{"1":0,"2":0,"3":0,"4":0,"5":0,"6":0,"7":0,"8":0,"9":0,"10":0,"11":0,"12":0,"13":0},"b":{"1":[0,0]},"f":{},"fnMap":{},"statementMap":{"1":{"start":{"line":2,"column":0},"end":{"line":2,"column":40}},"2":{"start":{"line":3,"column":0},"end":{"line":7,"column":1}},"3":{"start":{"line":9,"column":0},"end":{"line":16,"column":1}},"4":{"start":{"line":10,"column":1},"end":{"line":10,"column":35}},"5":{"start":{"line":11,"column":1},"end":{"line":11,"column":35}},"6":{"start":{"line":13,"column":1},"end":{"line":15,"column":3}},"7":{"start":{"line":14,"column":2},"end":{"line":14,"column":49}},"8":{"start":{"line":18,"column":0},"end":{"line":25,"column":1}},"9":{"start":{"line":19,"column":1},"end":{"line":19,"column":50}},"10":{"start":{"line":20,"column":1},"end":{"line":20,"column":50}},"11":{"start":{"line":22,"column":1},"end":{"line":24,"column":51}},"12":{"start":{"line":23,"column":22},"end":{"line":23,"column":28}},"13":{"start":{"line":24,"column":18},"end":{"line":24,"column":50}}},"branchMap":{"1":{"line":14,"type":"cond-expr","locations":[{"start":{"line":14,"column":8},"end":{"line":14,"column":40}},{"start":{"line":14,"column":43},"end":{"line":14,"column":49}}]}}},"/Users/alexmccaffrey/304CEM-Assignment/modules/authorize.js":{"path":"/Users/alexmccaffrey/304CEM-Assignment/modules/authorize.js","s":{"1":0,"2":0,"3":0,"4":0,"5":0,"6":0,"7":0,"8":0,"9":0,"10":0,"11":0,"12":0,"13":0,"14":0,"15":0,"16":0,"17":0,"18":0,"19":0,"20":0,"21":0,"22":0,"23":0,"24":0,"25":0,"26":0,"27":0,"28":0,"29":0,"30":0,"31":0,"32":0},"b":{"1":[0,0],"2":[0,0],"3":[0,0],"4":[0,0]},"f":{},"fnMap":{},"statementMap":{"1":{"start":{"line":2,"column":0},"end":{"line":2,"column":34}},"2":{"start":{"line":3,"column":0},"end":{"line":3,"column":44}},"3":{"start":{"line":5,"column":0},"end":{"line":11,"column":2}},"4":{"start":{"line":5,"column":37},"end":{"line":11,"column":2}},"5":{"start":{"line":6,"column":1},"end":{"line":6,"column":66}},"6":{"start":{"line":6,"column":29},"end":{"line":6,"column":66}},"7":{"start":{"line":7,"column":1},"end":{"line":7,"column":36}},"8":{"start":{"line":9,"column":1},"end":{"line":9,"column":43}},"9":{"start":{"line":10,"column":1},"end":{"line":10,"column":18}},"10":{"start":{"line":14,"column":0},"end":{"line":21,"column":2}},"11":{"start":{"line":14,"column":31},"end":{"line":21,"column":2}},"12":{"start":{"line":15,"column":1},"end":{"line":20,"column":108}},"13":{"start":{"line":16,"column":2},"end":{"line":16,"column":32}},"14":{"start":{"line":17,"column":2},"end":{"line":17,"column":44}},"15":{"start":{"line":18,"column":18},"end":{"line":18,"column":70}},"16":{"start":{"line":19,"column":15},"end":{"line":19,"column":24}},"17":{"start":{"line":20,"column":17},"end":{"line":20,"column":107}},"18":{"start":{"line":24,"column":0},"end":{"line":31,"column":2}},"19":{"start":{"line":24,"column":44},"end":{"line":31,"column":2}},"20":{"start":{"line":25,"column":1},"end":{"line":30,"column":110}},"21":{"start":{"line":26,"column":2},"end":{"line":26,"column":32}},"22":{"start":{"line":27,"column":2},"end":{"line":27,"column":50}},"23":{"start":{"line":28,"column":17},"end":{"line":28,"column":72}},"24":{"start":{"line":29,"column":16},"end":{"line":29,"column":25}},"25":{"start":{"line":30,"column":19},"end":{"line":30,"column":109}},"26":{"start":{"line":50,"column":0},"end":{"line":57,"column":2}},"27":{"start":{"line":50,"column":39},"end":{"line":57,"column":2}},"28":{"start":{"line":51,"column":1},"end":{"line":51,"column":18}},"29":{"start":{"line":52,"column":1},"end":{"line":55,"column":2}},"30":{"start":{"line":53,"column":2},"end":{"line":53,"column":39}},"31":{"start":{"line":54,"column":2},"end":{"line":54,"column":25}},"32":{"start":{"line":56,"column":1},"end":{"line":56,"column":10}}},"branchMap":{"1":{"line":6,"type":"if","locations":[{"start":{"line":6,"column":1},"end":{"line":6,"column":1}},{"start":{"line":6,"column":1},"end":{"line":6,"column":1}}]},"2":{"line":20,"type":"cond-expr","locations":[{"start":{"line":20,"column":60},"end":{"line":20,"column":100}},{"start":{"line":20,"column":103},"end":{"line":20,"column":106}}]},"3":{"line":30,"type":"cond-expr","locations":[{"start":{"line":30,"column":62},"end":{"line":30,"column":102}},{"start":{"line":30,"column":105},"end":{"line":30,"column":108}}]},"4":{"line":52,"type":"if","locations":[{"start":{"line":52,"column":1},"end":{"line":52,"column":1}},{"start":{"line":52,"column":1},"end":{"line":52,"column":1}}]}}},"/Users/alexmccaffrey/304CEM-Assignment/modules/data-api.js":{"path":"/Users/alexmccaffrey/304CEM-Assignment/modules/data-api.js","s":{"1":0,"2":0,"3":0,"4":0,"5":0,"6":0,"7":0,"8":0,"9":0,"10":0,"11":0,"12":0,"13":0,"14":0,"15":0,"16":0,"17":0,"18":0,"19":0,"20":0,"21":0,"22":0},"b":{"1":[0,0],"2":[0,0],"3":[0,0],"4":[0,0],"5":[0,0]},"f":{},"fnMap":{},"statementMap":{"1":{"start":{"line":2,"column":0},"end":{"line":2,"column":34}},"2":{"start":{"line":3,"column":0},"end":{"line":3,"column":36}},"3":{"start":{"line":5,"column":0},"end":{"line":8,"column":2}},"4":{"start":{"line":5,"column":43},"end":{"line":8,"column":2}},"5":{"start":{"line":6,"column":1},"end":{"line":6,"column":121}},"6":{"start":{"line":6,"column":74},"end":{"line":6,"column":121}},"7":{"start":{"line":7,"column":1},"end":{"line":7,"column":31}},"8":{"start":{"line":15,"column":0},"end":{"line":15,"column":140}},"9":{"start":{"line":15,"column":29},"end":{"line":15,"column":140}},"10":{"start":{"line":15,"column":62},"end":{"line":15,"column":139}},"11":{"start":{"line":15,"column":103},"end":{"line":15,"column":138}},"12":{"start":{"line":22,"column":0},"end":{"line":22,"column":136}},"13":{"start":{"line":22,"column":27},"end":{"line":22,"column":136}},"14":{"start":{"line":22,"column":60},"end":{"line":22,"column":135}},"15":{"start":{"line":22,"column":99},"end":{"line":22,"column":134}},"16":{"start":{"line":30,"column":0},"end":{"line":30,"column":169}},"17":{"start":{"line":30,"column":44},"end":{"line":30,"column":169}},"18":{"start":{"line":30,"column":77},"end":{"line":30,"column":168}},"19":{"start":{"line":30,"column":132},"end":{"line":30,"column":167}},"20":{"start":{"line":39,"column":0},"end":{"line":45,"column":2}},"21":{"start":{"line":39,"column":57},"end":{"line":45,"column":2}},"22":{"start":{"line":40,"column":1},"end":{"line":44,"column":3}}},"branchMap":{"1":{"line":6,"type":"if","locations":[{"start":{"line":6,"column":1},"end":{"line":6,"column":1}},{"start":{"line":6,"column":1},"end":{"line":6,"column":1}}]},"2":{"line":6,"type":"binary-expr","locations":[{"start":{"line":6,"column":5},"end":{"line":6,"column":33}},{"start":{"line":6,"column":37},"end":{"line":6,"column":72}}]},"3":{"line":15,"type":"cond-expr","locations":[{"start":{"line":15,"column":109},"end":{"line":15,"column":120}},{"start":{"line":15,"column":123},"end":{"line":15,"column":138}}]},"4":{"line":22,"type":"cond-expr","locations":[{"start":{"line":22,"column":105},"end":{"line":22,"column":116}},{"start":{"line":22,"column":119},"end":{"line":22,"column":134}}]},"5":{"line":30,"type":"cond-expr","locations":[{"start":{"line":30,"column":138},"end":{"line":30,"column":149}},{"start":{"line":30,"column":152},"end":{"line":30,"column":167}}]}}},"/Users/alexmccaffrey/304CEM-Assignment/modules/handler.js":{"path":"/Users/alexmccaffrey/304CEM-Assignment/modules/handler.js","s":{"1":0,"2":0,"3":0,"4":0,"5":0,"6":0,"7":0,"8":0,"9":0,"10":0,"11":0,"12":0,"13":0,"14":0,"15":0,"16":0,"17":0,"18":0,"19":0,"20":0,"21":0,"22":0,"23":0,"24":0,"25":0,"26":0,"27":0,"28":0,"29":0,"30":0,"31":0,"32":0,"33":0,"34":0,"35":0,"36":0,"37":0,"38":0,"39":0,"40":0,"41":0,"42":0,"43":0,"44":0,"45":0,"46":0,"47":0,"48":0,"49":0,"50":0},"b":{"1":[0,0],"2":[0,0],"3":[0,0],"4":[0,0],"5":[0,0],"6":[0,0],"7":[0,0],"8":[0,0]},"f":{},"fnMap":{},"statementMap":{"1":{"start":{"line":2,"column":0},"end":{"line":2,"column":32}},"2":{"start":{"line":3,"column":0},"end":{"line":7,"column":1}},"3":{"start":{"line":9,"column":0},"end":{"line":16,"column":1}},"4":{"start":{"line":10,"column":1},"end":{"line":10,"column":50}},"5":{"start":{"line":11,"column":1},"end":{"line":11,"column":32}},"6":{"start":{"line":12,"column":1},"end":{"line":15,"column":3}},"7":{"start":{"line":13,"column":2},"end":{"line":13,"column":68}},"8":{"start":{"line":14,"column":2},"end":{"line":14,"column":11}},"9":{"start":{"line":17,"column":0},"end":{"line":24,"column":1}},"10":{"start":{"line":18,"column":1},"end":{"line":18,"column":50}},"11":{"start":{"line":19,"column":1},"end":{"line":19,"column":33}},"12":{"start":{"line":20,"column":1},"end":{"line":23,"column":3}},"13":{"start":{"line":21,"column":2},"end":{"line":21,"column":71}},"14":{"start":{"line":22,"column":2},"end":{"line":22,"column":11}},"15":{"start":{"line":32,"column":0},"end":{"line":39,"column":1}},"16":{"start":{"line":33,"column":1},"end":{"line":33,"column":50}},"17":{"start":{"line":34,"column":1},"end":{"line":34,"column":32}},"18":{"start":{"line":35,"column":1},"end":{"line":38,"column":3}},"19":{"start":{"line":36,"column":2},"end":{"line":36,"column":68}},"20":{"start":{"line":37,"column":2},"end":{"line":37,"column":11}},"21":{"start":{"line":46,"column":0},"end":{"line":53,"column":1}},"22":{"start":{"line":47,"column":1},"end":{"line":47,"column":50}},"23":{"start":{"line":48,"column":1},"end":{"line":48,"column":32}},"24":{"start":{"line":49,"column":1},"end":{"line":52,"column":3}},"25":{"start":{"line":50,"column":2},"end":{"line":50,"column":57}},"26":{"start":{"line":51,"column":2},"end":{"line":51,"column":11}},"27":{"start":{"line":54,"column":0},"end":{"line":61,"column":1}},"28":{"start":{"line":55,"column":1},"end":{"line":55,"column":50}},"29":{"start":{"line":56,"column":1},"end":{"line":56,"column":35}},"30":{"start":{"line":57,"column":1},"end":{"line":60,"column":3}},"31":{"start":{"line":58,"column":2},"end":{"line":58,"column":71}},"32":{"start":{"line":59,"column":2},"end":{"line":59,"column":11}},"33":{"start":{"line":69,"column":0},"end":{"line":76,"column":1}},"34":{"start":{"line":70,"column":1},"end":{"line":70,"column":50}},"35":{"start":{"line":71,"column":1},"end":{"line":71,"column":32}},"36":{"start":{"line":72,"column":1},"end":{"line":75,"column":3}},"37":{"start":{"line":73,"column":2},"end":{"line":73,"column":70}},"38":{"start":{"line":74,"column":2},"end":{"line":74,"column":11}},"39":{"start":{"line":84,"column":0},"end":{"line":91,"column":1}},"40":{"start":{"line":85,"column":1},"end":{"line":85,"column":50}},"41":{"start":{"line":86,"column":1},"end":{"line":86,"column":33}},"42":{"start":{"line":87,"column":1},"end":{"line":90,"column":3}},"43":{"start":{"line":88,"column":2},"end":{"line":88,"column":71}},"44":{"start":{"line":89,"column":2},"end":{"line":89,"column":11}},"45":{"start":{"line":100,"column":0},"end":{"line":107,"column":1}},"46":{"start":{"line":101,"column":1},"end":{"line":101,"column":50}},"47":{"start":{"line":102,"column":1},"end":{"line":102,"column":35}},"48":{"start":{"line":103,"column":1},"end":{"line":106,"column":3}},"49":{"start":{"line":104,"column":2},"end":{"line":104,"column":38}},"50":{"start":{"line":105,"column":2},"end":{"line":105,"column":11}}},"branchMap":{"1":{"line":13,"type":"cond-expr","locations":[{"start":{"line":13,"column":8},"end":{"line":13,"column":40}},{"start":{"line":13,"column":43},"end":{"line":13,"column":68}}]},"2":{"line":21,"type":"cond-expr","locations":[{"start":{"line":21,"column":8},"end":{"line":21,"column":40}},{"start":{"line":21,"column":43},"end":{"line":21,"column":71}}]},"3":{"line":36,"type":"cond-expr","locations":[{"start":{"line":36,"column":8},"end":{"line":36,"column":40}},{"start":{"line":36,"column":43},"end":{"line":36,"column":68}}]},"4":{"line":50,"type":"cond-expr","locations":[{"start":{"line":50,"column":8},"end":{"line":50,"column":40}},{"start":{"line":50,"column":43},"end":{"line":50,"column":57}}]},"5":{"line":58,"type":"cond-expr","locations":[{"start":{"line":58,"column":8},"end":{"line":58,"column":40}},{"start":{"line":58,"column":43},"end":{"line":58,"column":71}}]},"6":{"line":73,"type":"cond-expr","locations":[{"start":{"line":73,"column":8},"end":{"line":73,"column":40}},{"start":{"line":73,"column":43},"end":{"line":73,"column":70}}]},"7":{"line":88,"type":"cond-expr","locations":[{"start":{"line":88,"column":8},"end":{"line":88,"column":40}},{"start":{"line":88,"column":43},"end":{"line":88,"column":71}}]},"8":{"line":104,"type":"cond-expr","locations":[{"start":{"line":104,"column":8},"end":{"line":104,"column":21}},{"start":{"line":104,"column":24},"end":{"line":104,"column":38}}]}}},"/Users/alexmccaffrey/304CEM-Assignment/modules/model.js":{"path":"/Users/alexmccaffrey/304CEM-Assignment/modules/model.js","s":{"1":0,"2":0,"3":0,"4":0,"5":0,"6":0,"7":0,"8":0,"9":0,"10":0,"11":0,"12":0,"13":0,"14":0,"15":0,"16":0,"17":0,"18":0,"19":0,"20":0,"21":0,"22":0,"23":0,"24":0,"25":0,"26":0,"27":0,"28":0,"29":0,"30":0,"31":0,"32":0,"33":0,"34":0,"35":0,"36":0,"37":0,"38":0,"39":0,"40":0,"41":0,"42":0,"43":0},"b":{},"f":{},"fnMap":{},"statementMap":{"1":{"start":{"line":3,"column":0},"end":{"line":3,"column":33}},"2":{"start":{"line":4,"column":0},"end":{"line":4,"column":44}},"3":{"start":{"line":5,"column":0},"end":{"line":5,"column":34}},"4":{"start":{"line":6,"column":0},"end":{"line":6,"column":35}},"5":{"start":{"line":14,"column":0},"end":{"line":26,"column":1}},"6":{"start":{"line":15,"column":1},"end":{"line":25,"column":3}},"7":{"start":{"line":15,"column":44},"end":{"line":15,"column":64}},"8":{"start":{"line":16,"column":2},"end":{"line":16,"column":30}},"9":{"start":{"line":17,"column":2},"end":{"line":17,"column":47}},"10":{"start":{"line":19,"column":2},"end":{"line":19,"column":18}},"11":{"start":{"line":20,"column":2},"end":{"line":20,"column":60}},"12":{"start":{"line":21,"column":20},"end":{"line":21,"column":70}},"13":{"start":{"line":22,"column":2},"end":{"line":22,"column":22}},"14":{"start":{"line":24,"column":2},"end":{"line":24,"column":15}},"15":{"start":{"line":28,"column":0},"end":{"line":34,"column":1}},"16":{"start":{"line":29,"column":1},"end":{"line":33,"column":3}},"17":{"start":{"line":29,"column":46},"end":{"line":29,"column":85}},"18":{"start":{"line":30,"column":2},"end":{"line":30,"column":22}},"19":{"start":{"line":32,"column":2},"end":{"line":32,"column":15}},"20":{"start":{"line":36,"column":0},"end":{"line":42,"column":1}},"21":{"start":{"line":37,"column":1},"end":{"line":41,"column":3}},"22":{"start":{"line":38,"column":2},"end":{"line":38,"column":22}},"23":{"start":{"line":40,"column":2},"end":{"line":40,"column":15}},"24":{"start":{"line":44,"column":0},"end":{"line":50,"column":1}},"25":{"start":{"line":45,"column":1},"end":{"line":49,"column":3}},"26":{"start":{"line":46,"column":2},"end":{"line":46,"column":22}},"27":{"start":{"line":48,"column":2},"end":{"line":48,"column":15}},"28":{"start":{"line":52,"column":0},"end":{"line":58,"column":1}},"29":{"start":{"line":53,"column":1},"end":{"line":57,"column":3}},"30":{"start":{"line":54,"column":2},"end":{"line":54,"column":22}},"31":{"start":{"line":56,"column":2},"end":{"line":56,"column":15}},"32":{"start":{"line":60,"column":0},"end":{"line":66,"column":1}},"33":{"start":{"line":61,"column":1},"end":{"line":65,"column":3}},"34":{"start":{"line":62,"column":2},"end":{"line":62,"column":23}},"35":{"start":{"line":64,"column":2},"end":{"line":64,"column":15}},"36":{"start":{"line":68,"column":0},"end":{"line":74,"column":1}},"37":{"start":{"line":69,"column":1},"end":{"line":73,"column":3}},"38":{"start":{"line":70,"column":2},"end":{"line":70,"column":23}},"39":{"start":{"line":72,"column":2},"end":{"line":72,"column":15}},"40":{"start":{"line":76,"column":0},"end":{"line":82,"column":1}},"41":{"start":{"line":77,"column":1},"end":{"line":81,"column":3}},"42":{"start":{"line":78,"column":2},"end":{"line":78,"column":23}},"43":{"start":{"line":80,"column":2},"end":{"line":80,"column":15}}},"branchMap":{}},"/Users/alexmccaffrey/304CEM-Assignment/modules/persistence.js":{"path":"/Users/alexmccaffrey/304CEM-Assignment/modules/persistence.js","s":{"1":0,"2":0,"3":0,"4":0,"5":0,"6":0,"7":0,"8":0,"9":0,"10":0,"11":0,"12":0,"13":0,"14":0,"15":0,"16":0,"17":0,"18":0,"19":0,"20":0,"21":0,"22":0,"23":0,"24":0,"25":0,"26":0,"27":0,"28":0,"29":0,"30":0,"31":0,"32":0,"33":0,"34":0,"35":0,"36":0,"37":0,"38":0,"39":0,"40":0,"41":0,"42":0,"43":0,"44":0,"45":0,"46":0,"47":0},"b":{"1":[0,0],"2":[0,0],"3":[0,0],"4":[0,0],"5":[0,0],"6":[0,0],"7":[0,0],"8":[0,0],"9":[0,0],"10":[0,0],"11":[0,0],"12":[0,0],"13":[0,0,0],"14":[0,0],"15":[0,0],"16":[0,0],"17":[0,0],"18":[0,0],"19":[0,0]},"f":{"1":0,"2":0,"3":0,"4":0,"5":0,"6":0,"7":0},"fnMap":{"1":{"name":"(anonymous_1)","line":11,"loc":{"start":{"line":11,"column":17},"end":{"line":11,"column":37}}},"2":{"name":"(anonymous_2)","line":20,"loc":{"start":{"line":20,"column":4},"end":{"line":20,"column":24}}},"3":{"name":"(anonymous_3)","line":35,"loc":{"start":{"line":35,"column":4},"end":{"line":35,"column":24}}},"4":{"name":"(anonymous_4)","line":45,"loc":{"start":{"line":45,"column":4},"end":{"line":45,"column":18}}},"5":{"name":"(anonymous_5)","line":60,"loc":{"start":{"line":60,"column":18},"end":{"line":60,"column":39}}},"6":{"name":"(anonymous_6)","line":69,"loc":{"start":{"line":69,"column":4},"end":{"line":69,"column":30}}},"7":{"name":"(anonymous_7)","line":79,"loc":{"start":{"line":79,"column":4},"end":{"line":79,"column":25}}}},"statementMap":{"1":{"start":{"line":2,"column":0},"end":{"line":2,"column":42}},"2":{"start":{"line":4,"column":0},"end":{"line":14,"column":2}},"3":{"start":{"line":4,"column":42},"end":{"line":14,"column":2}},"4":{"start":{"line":5,"column":1},"end":{"line":5,"column":101}},"5":{"start":{"line":5,"column":55},"end":{"line":5,"column":101}},"6":{"start":{"line":6,"column":1},"end":{"line":9,"column":3}},"7":{"start":{"line":11,"column":1},"end":{"line":13,"column":3}},"8":{"start":{"line":12,"column":2},"end":{"line":12,"column":65}},"9":{"start":{"line":16,"column":0},"end":{"line":25,"column":2}},"10":{"start":{"line":16,"column":30},"end":{"line":25,"column":2}},"11":{"start":{"line":17,"column":1},"end":{"line":17,"column":66}},"12":{"start":{"line":17,"column":29},"end":{"line":17,"column":66}},"13":{"start":{"line":18,"column":1},"end":{"line":24,"column":3}},"14":{"start":{"line":21,"column":2},"end":{"line":23,"column":21}},"15":{"start":{"line":27,"column":0},"end":{"line":39,"column":2}},"16":{"start":{"line":27,"column":45},"end":{"line":39,"column":2}},"17":{"start":{"line":28,"column":1},"end":{"line":28,"column":101}},"18":{"start":{"line":28,"column":55},"end":{"line":28,"column":101}},"19":{"start":{"line":29,"column":1},"end":{"line":38,"column":3}},"20":{"start":{"line":36,"column":2},"end":{"line":36,"column":66}},"21":{"start":{"line":37,"column":2},"end":{"line":37,"column":70}},"22":{"start":{"line":41,"column":0},"end":{"line":50,"column":2}},"23":{"start":{"line":41,"column":33},"end":{"line":50,"column":2}},"24":{"start":{"line":42,"column":1},"end":{"line":42,"column":66}},"25":{"start":{"line":42,"column":29},"end":{"line":42,"column":66}},"26":{"start":{"line":43,"column":1},"end":{"line":49,"column":3}},"27":{"start":{"line":46,"column":2},"end":{"line":48,"column":4}},"28":{"start":{"line":52,"column":0},"end":{"line":63,"column":2}},"29":{"start":{"line":52,"column":55},"end":{"line":63,"column":2}},"30":{"start":{"line":53,"column":1},"end":{"line":53,"column":134}},"31":{"start":{"line":53,"column":80},"end":{"line":53,"column":134}},"32":{"start":{"line":54,"column":1},"end":{"line":58,"column":3}},"33":{"start":{"line":60,"column":1},"end":{"line":62,"column":3}},"34":{"start":{"line":61,"column":2},"end":{"line":61,"column":70}},"35":{"start":{"line":65,"column":0},"end":{"line":72,"column":2}},"36":{"start":{"line":65,"column":35},"end":{"line":72,"column":2}},"37":{"start":{"line":66,"column":1},"end":{"line":66,"column":66}},"38":{"start":{"line":66,"column":29},"end":{"line":66,"column":66}},"39":{"start":{"line":67,"column":1},"end":{"line":71,"column":3}},"40":{"start":{"line":70,"column":2},"end":{"line":70,"column":77}},"41":{"start":{"line":74,"column":0},"end":{"line":85,"column":2}},"42":{"start":{"line":74,"column":49},"end":{"line":85,"column":2}},"43":{"start":{"line":75,"column":1},"end":{"line":75,"column":99}},"44":{"start":{"line":75,"column":54},"end":{"line":75,"column":99}},"45":{"start":{"line":76,"column":1},"end":{"line":84,"column":3}},"46":{"start":{"line":80,"column":2},"end":{"line":80,"column":20}},"47":{"start":{"line":81,"column":2},"end":{"line":83,"column":4}}},"branchMap":{"1":{"line":5,"type":"if","locations":[{"start":{"line":5,"column":1},"end":{"line":5,"column":1}},{"start":{"line":5,"column":1},"end":{"line":5,"column":1}}]},"2":{"line":5,"type":"binary-expr","locations":[{"start":{"line":5,"column":5},"end":{"line":5,"column":27}},{"start":{"line":5,"column":31},"end":{"line":5,"column":53}}]},"3":{"line":12,"type":"cond-expr","locations":[{"start":{"line":12,"column":8},"end":{"line":12,"column":49}},{"start":{"line":12,"column":52},"end":{"line":12,"column":65}}]},"4":{"line":17,"type":"if","locations":[{"start":{"line":17,"column":1},"end":{"line":17,"column":1}},{"start":{"line":17,"column":1},"end":{"line":17,"column":1}}]},"5":{"line":21,"type":"cond-expr","locations":[{"start":{"line":21,"column":8},"end":{"line":23,"column":5}},{"start":{"line":23,"column":8},"end":{"line":23,"column":21}}]},"6":{"line":28,"type":"if","locations":[{"start":{"line":28,"column":1},"end":{"line":28,"column":1}},{"start":{"line":28,"column":1},"end":{"line":28,"column":1}}]},"7":{"line":28,"type":"binary-expr","locations":[{"start":{"line":28,"column":5},"end":{"line":28,"column":27}},{"start":{"line":28,"column":31},"end":{"line":28,"column":53}}]},"8":{"line":36,"type":"cond-expr","locations":[{"start":{"line":36,"column":10},"end":{"line":36,"column":50}},{"start":{"line":36,"column":53},"end":{"line":36,"column":66}}]},"9":{"line":37,"type":"cond-expr","locations":[{"start":{"line":37,"column":8},"end":{"line":37,"column":54}},{"start":{"line":37,"column":57},"end":{"line":37,"column":70}}]},"10":{"line":42,"type":"if","locations":[{"start":{"line":42,"column":1},"end":{"line":42,"column":1}},{"start":{"line":42,"column":1},"end":{"line":42,"column":1}}]},"11":{"line":46,"type":"cond-expr","locations":[{"start":{"line":46,"column":8},"end":{"line":46,"column":54}},{"start":{"line":46,"column":57},"end":{"line":48,"column":4}}]},"12":{"line":53,"type":"if","locations":[{"start":{"line":53,"column":1},"end":{"line":53,"column":1}},{"start":{"line":53,"column":1},"end":{"line":53,"column":1}}]},"13":{"line":53,"type":"binary-expr","locations":[{"start":{"line":53,"column":5},"end":{"line":53,"column":27}},{"start":{"line":53,"column":31},"end":{"line":53,"column":52}},{"start":{"line":53,"column":56},"end":{"line":53,"column":78}}]},"14":{"line":61,"type":"cond-expr","locations":[{"start":{"line":61,"column":8},"end":{"line":61,"column":53}},{"start":{"line":61,"column":56},"end":{"line":61,"column":70}}]},"15":{"line":66,"type":"if","locations":[{"start":{"line":66,"column":1},"end":{"line":66,"column":1}},{"start":{"line":66,"column":1},"end":{"line":66,"column":1}}]},"16":{"line":70,"type":"cond-expr","locations":[{"start":{"line":70,"column":8},"end":{"line":70,"column":55}},{"start":{"line":70,"column":58},"end":{"line":70,"column":77}}]},"17":{"line":75,"type":"if","locations":[{"start":{"line":75,"column":1},"end":{"line":75,"column":1}},{"start":{"line":75,"column":1},"end":{"line":75,"column":1}}]},"18":{"line":75,"type":"binary-expr","locations":[{"start":{"line":75,"column":5},"end":{"line":75,"column":27}},{"start":{"line":75,"column":31},"end":{"line":75,"column":52}}]},"19":{"line":81,"type":"cond-expr","locations":[{"start":{"line":81,"column":8},"end":{"line":81,"column":56}},{"start":{"line":81,"column":59},"end":{"line":83,"column":4}}]}}}}