{"C:\\Users\\Alex\\Documents\\304CEM-Assignment\\modules\\flickr.js":{"path":"C:\\Users\\Alex\\Documents\\304CEM-Assignment\\modules\\flickr.js","s":{"1":1,"2":1,"3":0,"4":0,"5":0,"6":0,"7":0,"8":0,"9":0,"10":0,"11":0,"12":1,"13":0,"14":0,"15":0,"16":0,"17":0,"18":0,"19":0,"20":0,"21":0,"22":0},"b":{"1":[0,0],"2":[0,0],"3":[0,0],"4":[0,0]},"f":{},"fnMap":{},"statementMap":{"1":{"start":{"line":3,"column":0},"end":{"line":3,"column":34}},"2":{"start":{"line":12,"column":0},"end":{"line":39,"column":1}},"3":{"start":{"line":13,"column":1},"end":{"line":13,"column":200}},"4":{"start":{"line":15,"column":1},"end":{"line":38,"column":3}},"5":{"start":{"line":17,"column":2},"end":{"line":17,"column":53},"skip":true},"6":{"start":{"line":17,"column":11},"end":{"line":17,"column":53},"skip":true},"7":{"start":{"line":19,"column":2},"end":{"line":19,"column":31}},"8":{"start":{"line":21,"column":2},"end":{"line":37,"column":3}},"9":{"start":{"line":21,"column":33},"end":{"line":23,"column":4}},"10":{"start":{"line":25,"column":3},"end":{"line":34,"column":4}},"11":{"start":{"line":36,"column":3},"end":{"line":36,"column":23}},"12":{"start":{"line":48,"column":0},"end":{"line":72,"column":1}},"13":{"start":{"line":49,"column":1},"end":{"line":49,"column":166}},"14":{"start":{"line":51,"column":1},"end":{"line":71,"column":3}},"15":{"start":{"line":53,"column":2},"end":{"line":53,"column":53},"skip":true},"16":{"start":{"line":53,"column":11},"end":{"line":53,"column":53},"skip":true},"17":{"start":{"line":55,"column":2},"end":{"line":55,"column":31}},"18":{"start":{"line":57,"column":2},"end":{"line":70,"column":3}},"19":{"start":{"line":57,"column":28},"end":{"line":57,"column":42}},"20":{"start":{"line":59,"column":3},"end":{"line":59,"column":26}},"21":{"start":{"line":60,"column":3},"end":{"line":67,"column":4}},"22":{"start":{"line":69,"column":3},"end":{"line":69,"column":23}}},"branchMap":{"1":{"line":17,"type":"if","locations":[{"start":{"line":17,"column":2},"end":{"line":17,"column":2},"skip":true},{"start":{"line":17,"column":2},"end":{"line":17,"column":2},"skip":true}]},"2":{"line":21,"type":"if","locations":[{"start":{"line":21,"column":2},"end":{"line":21,"column":2}},{"start":{"line":21,"column":2},"end":{"line":21,"column":2}}]},"3":{"line":53,"type":"if","locations":[{"start":{"line":53,"column":2},"end":{"line":53,"column":2},"skip":true},{"start":{"line":53,"column":2},"end":{"line":53,"column":2},"skip":true}]},"4":{"line":57,"type":"if","locations":[{"start":{"line":57,"column":2},"end":{"line":57,"column":2}},{"start":{"line":57,"column":2},"end":{"line":57,"column":2}}]}}}}