TN:
SF:/Users/alexmccaffrey/304CEM-Assignment/modules/flickr.js
FNF:0
FNH:0
DA:3,1
DA:12,1
DA:13,4
DA:15,4
DA:17,4
DA:19,4
DA:21,4
DA:25,3
DA:36,3
DA:48,1
DA:49,5
DA:51,5
DA:53,5
DA:55,5
DA:57,5
DA:59,3
DA:60,3
DA:69,3
LF:18
LH:18
BRDA:17,1,0,0
BRDA:17,1,1,4
BRDA:21,2,0,1
BRDA:21,2,1,3
BRDA:53,3,0,0
BRDA:53,3,1,5
BRDA:57,4,0,2
BRDA:57,4,1,3
BRF:8
BRH:8
end_of_record
TN:
SF:/Users/alexmccaffrey/304CEM-Assignment/modules/weather.js
FNF:0
FNH:0
DA:2,1
DA:4,1
DA:5,5
DA:7,5
DA:8,5
DA:10,5
DA:11,5
DA:16,1
DA:20,1
DA:30,1
LF:10
LH:10
BRDA:10,1,0,0
BRDA:10,1,1,5
BRDA:11,2,0,4
BRDA:11,2,1,1
BRDA:16,3,0,0
BRDA:16,3,1,1
BRF:6
BRH:6
end_of_record
TN:
SF:/Users/alexmccaffrey/304CEM-Assignment/modules/authHandler.js
FNF:0
FNH:0
DA:2,0
DA:3,0
DA:9,0
DA:10,0
DA:11,0
DA:13,0
DA:14,0
DA:18,0
DA:19,0
DA:20,0
DA:22,0
DA:23,0
DA:24,0
LF:13
LH:0
BRDA:14,1,0,0
BRDA:14,1,1,0
BRF:2
BRH:0
end_of_record
TN:
SF:/Users/alexmccaffrey/304CEM-Assignment/modules/authorize.js
FNF:0
FNH:0
DA:2,0
DA:3,0
DA:5,0
DA:6,0
DA:7,0
DA:9,0
DA:10,0
DA:14,0
DA:15,0
DA:16,0
DA:17,0
DA:18,0
DA:19,0
DA:20,0
DA:24,0
DA:25,0
DA:26,0
DA:27,0
DA:28,0
DA:29,0
DA:30,0
DA:50,0
DA:51,0
DA:52,0
DA:53,0
DA:54,0
DA:56,0
LF:27
LH:0
BRDA:6,1,0,0
BRDA:6,1,1,0
BRDA:20,2,0,0
BRDA:20,2,1,0
BRDA:30,3,0,0
BRDA:30,3,1,0
BRDA:52,4,0,0
BRDA:52,4,1,0
BRF:8
BRH:0
end_of_record
TN:
SF:/Users/alexmccaffrey/304CEM-Assignment/modules/data-api.js
FNF:0
FNH:0
DA:2,0
DA:3,0
DA:5,0
DA:6,0
DA:7,0
DA:15,0
DA:22,0
DA:30,0
DA:39,0
DA:40,0
LF:10
LH:0
BRDA:6,1,0,0
BRDA:6,1,1,0
BRDA:6,2,0,0
BRDA:6,2,1,0
BRDA:15,3,0,0
BRDA:15,3,1,0
BRDA:22,4,0,0
BRDA:22,4,1,0
BRDA:30,5,0,0
BRDA:30,5,1,0
BRF:10
BRH:0
end_of_record
TN:
SF:/Users/alexmccaffrey/304CEM-Assignment/modules/handler.js
FNF:0
FNH:0
DA:2,0
DA:3,0
DA:9,0
DA:10,0
DA:11,0
DA:12,0
DA:13,0
DA:14,0
DA:17,0
DA:18,0
DA:19,0
DA:20,0
DA:21,0
DA:22,0
DA:32,0
DA:33,0
DA:34,0
DA:35,0
DA:36,0
DA:37,0
DA:46,0
DA:47,0
DA:48,0
DA:49,0
DA:50,0
DA:51,0
DA:54,0
DA:55,0
DA:56,0
DA:57,0
DA:58,0
DA:59,0
DA:69,0
DA:70,0
DA:71,0
DA:72,0
DA:73,0
DA:74,0
DA:84,0
DA:85,0
DA:86,0
DA:87,0
DA:88,0
DA:89,0
DA:100,0
DA:101,0
DA:102,0
DA:103,0
DA:104,0
DA:105,0
LF:50
LH:0
BRDA:13,1,0,0
BRDA:13,1,1,0
BRDA:21,2,0,0
BRDA:21,2,1,0
BRDA:36,3,0,0
BRDA:36,3,1,0
BRDA:50,4,0,0
BRDA:50,4,1,0
BRDA:58,5,0,0
BRDA:58,5,1,0
BRDA:73,6,0,0
BRDA:73,6,1,0
BRDA:88,7,0,0
BRDA:88,7,1,0
BRDA:104,8,0,0
BRDA:104,8,1,0
BRF:16
BRH:0
end_of_record
TN:
SF:/Users/alexmccaffrey/304CEM-Assignment/modules/model.js
FNF:0
FNH:0
DA:3,0
DA:4,0
DA:5,0
DA:6,0
DA:14,0
DA:15,0
DA:16,0
DA:17,0
DA:19,0
DA:20,0
DA:21,0
DA:22,0
DA:24,0
DA:28,0
DA:29,0
DA:30,0
DA:32,0
DA:36,0
DA:37,0
DA:38,0
DA:40,0
DA:44,0
DA:45,0
DA:46,0
DA:48,0
DA:52,0
DA:53,0
DA:54,0
DA:56,0
DA:60,0
DA:61,0
DA:62,0
DA:64,0
DA:68,0
DA:69,0
DA:70,0
DA:72,0
DA:76,0
DA:77,0
DA:78,0
DA:80,0
LF:41
LH:0
BRF:0
BRH:0
end_of_record
TN:
SF:/Users/alexmccaffrey/304CEM-Assignment/modules/persistence.js
FN:11,(anonymous_1)
FN:20,(anonymous_2)
FN:35,(anonymous_3)
FN:45,(anonymous_4)
FN:60,(anonymous_5)
FN:69,(anonymous_6)
FN:79,(anonymous_7)
FNF:7
FNH:0
FNDA:0,(anonymous_1)
FNDA:0,(anonymous_2)
FNDA:0,(anonymous_3)
FNDA:0,(anonymous_4)
FNDA:0,(anonymous_5)
FNDA:0,(anonymous_6)
FNDA:0,(anonymous_7)
DA:2,0
DA:4,0
DA:5,0
DA:6,0
DA:11,0
DA:12,0
DA:16,0
DA:17,0
DA:18,0
DA:21,0
DA:27,0
DA:28,0
DA:29,0
DA:36,0
DA:37,0
DA:41,0
DA:42,0
DA:43,0
DA:46,0
DA:52,0
DA:53,0
DA:54,0
DA:60,0
DA:61,0
DA:65,0
DA:66,0
DA:67,0
DA:70,0
DA:74,0
DA:75,0
DA:76,0
DA:80,0
DA:81,0
LF:33
LH:0
BRDA:5,1,0,0
BRDA:5,1,1,0
BRDA:5,2,0,0
BRDA:5,2,1,0
BRDA:12,3,0,0
BRDA:12,3,1,0
BRDA:17,4,0,0
BRDA:17,4,1,0
BRDA:21,5,0,0
BRDA:21,5,1,0
BRDA:28,6,0,0
BRDA:28,6,1,0
BRDA:28,7,0,0
BRDA:28,7,1,0
BRDA:36,8,0,0
BRDA:36,8,1,0
BRDA:37,9,0,0
BRDA:37,9,1,0
BRDA:42,10,0,0
BRDA:42,10,1,0
BRDA:46,11,0,0
BRDA:46,11,1,0
BRDA:53,12,0,0
BRDA:53,12,1,0
BRDA:53,13,0,0
BRDA:53,13,1,0
BRDA:53,13,2,0
BRDA:61,14,0,0
BRDA:61,14,1,0
BRDA:66,15,0,0
BRDA:66,15,1,0
BRDA:70,16,0,0
BRDA:70,16,1,0
BRDA:75,17,0,0
BRDA:75,17,1,0
BRDA:75,18,0,0
BRDA:75,18,1,0
BRDA:81,19,0,0
BRDA:81,19,1,0
BRF:39
BRH:0
end_of_record
