{"/Users/alexmccaffrey/Desktop/304CEM-Assignment/flickr-spec.js":{"path":"/Users/alexmccaffrey/Desktop/304CEM-Assignment/flickr-spec.js","s":{"1":1,"2":1,"3":0,"4":0,"5":0,"6":0,"7":0,"8":0,"9":0,"10":0,"11":0,"12":0,"13":0,"14":0,"15":0,"16":0,"17":0,"18":0,"19":0,"20":0,"21":0,"22":0,"23":0,"24":0,"25":0,"26":0,"27":0,"28":0,"29":0,"30":0,"31":0,"32":0,"33":0,"34":0,"35":0,"36":0,"37":0,"38":0,"39":0,"40":0,"41":0,"42":0,"43":0,"44":0,"45":0,"46":0,"47":0,"48":0,"49":0,"50":0},"b":{},"f":{"1":0,"2":0,"3":0,"4":0,"5":0,"6":0,"7":0,"8":0,"9":0,"10":0,"11":0,"12":0,"13":0,"14":0,"15":0,"16":0,"17":0,"18":0,"19":0,"20":0},"fnMap":{"1":{"name":"(anonymous_1)","line":5,"loc":{"start":{"line":5,"column":27},"end":{"line":5,"column":39}}},"2":{"name":"(anonymous_2)","line":6,"loc":{"start":{"line":6,"column":49},"end":{"line":6,"column":65}}},"3":{"name":"(anonymous_3)","line":7,"loc":{"start":{"line":7,"column":37},"end":{"line":7,"column":67}}},"4":{"name":"(anonymous_4)","line":14,"loc":{"start":{"line":14,"column":58},"end":{"line":14,"column":74}}},"5":{"name":"(anonymous_5)","line":15,"loc":{"start":{"line":15,"column":37},"end":{"line":15,"column":67}}},"6":{"name":"(anonymous_6)","line":21,"loc":{"start":{"line":21,"column":72},"end":{"line":21,"column":88}}},"7":{"name":"(anonymous_7)","line":22,"loc":{"start":{"line":22,"column":44},"end":{"line":22,"column":74}}},"8":{"name":"(anonymous_8)","line":27,"loc":{"start":{"line":27,"column":44},"end":{"line":27,"column":60}}},"9":{"name":"(anonymous_9)","line":28,"loc":{"start":{"line":28,"column":37},"end":{"line":28,"column":67}}},"10":{"name":"(anonymous_10)","line":35,"loc":{"start":{"line":35,"column":32},"end":{"line":35,"column":44}}},"11":{"name":"(anonymous_11)","line":36,"loc":{"start":{"line":36,"column":56},"end":{"line":36,"column":72}}},"12":{"name":"(anonymous_12)","line":37,"loc":{"start":{"line":37,"column":41},"end":{"line":37,"column":71}}},"13":{"name":"(anonymous_13)","line":43,"loc":{"start":{"line":43,"column":58},"end":{"line":43,"column":74}}},"14":{"name":"(anonymous_14)","line":44,"loc":{"start":{"line":44,"column":30},"end":{"line":44,"column":60}}},"15":{"name":"(anonymous_15)","line":51,"loc":{"start":{"line":51,"column":66},"end":{"line":51,"column":82}}},"16":{"name":"(anonymous_16)","line":52,"loc":{"start":{"line":52,"column":31},"end":{"line":52,"column":61}}},"17":{"name":"(anonymous_17)","line":59,"loc":{"start":{"line":59,"column":49},"end":{"line":59,"column":65}}},"18":{"name":"(anonymous_18)","line":60,"loc":{"start":{"line":60,"column":41},"end":{"line":60,"column":71}}},"19":{"name":"(anonymous_19)","line":66,"loc":{"start":{"line":66,"column":41},"end":{"line":66,"column":57}}},"20":{"name":"(anonymous_20)","line":67,"loc":{"start":{"line":67,"column":41},"end":{"line":67,"column":71}}}},"statementMap":{"1":{"start":{"line":4,"column":0},"end":{"line":4,"column":42}},"2":{"start":{"line":5,"column":0},"end":{"line":34,"column":2}},"3":{"start":{"line":6,"column":4},"end":{"line":13,"column":6}},"4":{"start":{"line":7,"column":8},"end":{"line":12,"column":10}},"5":{"start":{"line":8,"column":12},"end":{"line":8,"column":34}},"6":{"start":{"line":9,"column":12},"end":{"line":9,"column":58}},"7":{"start":{"line":10,"column":12},"end":{"line":10,"column":58}},"8":{"start":{"line":11,"column":12},"end":{"line":11,"column":18}},"9":{"start":{"line":14,"column":4},"end":{"line":20,"column":6}},"10":{"start":{"line":15,"column":8},"end":{"line":19,"column":10}},"11":{"start":{"line":16,"column":12},"end":{"line":16,"column":34}},"12":{"start":{"line":17,"column":12},"end":{"line":17,"column":58}},"13":{"start":{"line":18,"column":12},"end":{"line":18,"column":18}},"14":{"start":{"line":21,"column":4},"end":{"line":26,"column":6}},"15":{"start":{"line":22,"column":8},"end":{"line":25,"column":10}},"16":{"start":{"line":23,"column":12},"end":{"line":23,"column":28}},"17":{"start":{"line":24,"column":12},"end":{"line":24,"column":18}},"18":{"start":{"line":27,"column":4},"end":{"line":33,"column":6}},"19":{"start":{"line":28,"column":8},"end":{"line":32,"column":10}},"20":{"start":{"line":29,"column":12},"end":{"line":29,"column":34}},"21":{"start":{"line":30,"column":12},"end":{"line":30,"column":59}},"22":{"start":{"line":31,"column":12},"end":{"line":31,"column":18}},"23":{"start":{"line":35,"column":0},"end":{"line":73,"column":2}},"24":{"start":{"line":36,"column":4},"end":{"line":42,"column":6}},"25":{"start":{"line":37,"column":8},"end":{"line":41,"column":10}},"26":{"start":{"line":38,"column":12},"end":{"line":38,"column":34}},"27":{"start":{"line":39,"column":12},"end":{"line":39,"column":61}},"28":{"start":{"line":40,"column":12},"end":{"line":40,"column":18}},"29":{"start":{"line":43,"column":4},"end":{"line":50,"column":6}},"30":{"start":{"line":44,"column":8},"end":{"line":49,"column":10}},"31":{"start":{"line":45,"column":12},"end":{"line":45,"column":41}},"32":{"start":{"line":46,"column":12},"end":{"line":46,"column":36}},"33":{"start":{"line":47,"column":12},"end":{"line":47,"column":54}},"34":{"start":{"line":48,"column":12},"end":{"line":48,"column":18}},"35":{"start":{"line":51,"column":4},"end":{"line":58,"column":6}},"36":{"start":{"line":52,"column":8},"end":{"line":57,"column":10}},"37":{"start":{"line":53,"column":12},"end":{"line":53,"column":41}},"38":{"start":{"line":54,"column":12},"end":{"line":54,"column":36}},"39":{"start":{"line":55,"column":12},"end":{"line":55,"column":55}},"40":{"start":{"line":56,"column":12},"end":{"line":56,"column":18}},"41":{"start":{"line":59,"column":4},"end":{"line":65,"column":6}},"42":{"start":{"line":60,"column":8},"end":{"line":64,"column":10}},"43":{"start":{"line":61,"column":12},"end":{"line":61,"column":34}},"44":{"start":{"line":62,"column":12},"end":{"line":62,"column":58}},"45":{"start":{"line":63,"column":12},"end":{"line":63,"column":18}},"46":{"start":{"line":66,"column":4},"end":{"line":72,"column":6}},"47":{"start":{"line":67,"column":8},"end":{"line":71,"column":10}},"48":{"start":{"line":68,"column":12},"end":{"line":68,"column":34}},"49":{"start":{"line":69,"column":12},"end":{"line":69,"column":66}},"50":{"start":{"line":70,"column":12},"end":{"line":70,"column":18}}},"branchMap":{}},"/Users/alexmccaffrey/Desktop/304CEM-Assignment/modules/flickr.js":{"path":"/Users/alexmccaffrey/Desktop/304CEM-Assignment/modules/flickr.js","s":{"1":1,"2":1,"3":0,"4":0,"5":0,"6":0,"7":0,"8":0,"9":0,"10":0,"11":0,"12":0,"13":0,"14":1,"15":0,"16":0,"17":0,"18":0,"19":0,"20":0,"21":0,"22":0,"23":0,"24":0},"b":{"1":[0,0],"2":[0,0],"3":[0,0],"4":[0,0]},"f":{},"fnMap":{},"statementMap":{"1":{"start":{"line":2,"column":0},"end":{"line":2,"column":34}},"2":{"start":{"line":3,"column":0},"end":{"line":26,"column":1}},"3":{"start":{"line":4,"column":4},"end":{"line":4,"column":203}},"4":{"start":{"line":5,"column":4},"end":{"line":25,"column":6}},"5":{"start":{"line":6,"column":8},"end":{"line":6,"column":59}},"6":{"start":{"line":6,"column":17},"end":{"line":6,"column":59}},"7":{"start":{"line":7,"column":8},"end":{"line":7,"column":24}},"8":{"start":{"line":8,"column":8},"end":{"line":8,"column":37}},"9":{"start":{"line":9,"column":8},"end":{"line":9,"column":25}},"10":{"start":{"line":10,"column":8},"end":{"line":24,"column":9}},"11":{"start":{"line":10,"column":37},"end":{"line":12,"column":10}},"12":{"start":{"line":14,"column":12},"end":{"line":22,"column":13}},"13":{"start":{"line":23,"column":12},"end":{"line":23,"column":32}},"14":{"start":{"line":27,"column":0},"end":{"line":46,"column":1}},"15":{"start":{"line":28,"column":4},"end":{"line":28,"column":169}},"16":{"start":{"line":29,"column":4},"end":{"line":45,"column":6}},"17":{"start":{"line":30,"column":8},"end":{"line":30,"column":59}},"18":{"start":{"line":30,"column":17},"end":{"line":30,"column":59}},"19":{"start":{"line":31,"column":8},"end":{"line":31,"column":24}},"20":{"start":{"line":32,"column":8},"end":{"line":32,"column":37}},"21":{"start":{"line":33,"column":8},"end":{"line":44,"column":9}},"22":{"start":{"line":33,"column":34},"end":{"line":33,"column":48}},"23":{"start":{"line":35,"column":12},"end":{"line":42,"column":13}},"24":{"start":{"line":43,"column":12},"end":{"line":43,"column":32}}},"branchMap":{"1":{"line":6,"type":"if","locations":[{"start":{"line":6,"column":8},"end":{"line":6,"column":8}},{"start":{"line":6,"column":8},"end":{"line":6,"column":8}}]},"2":{"line":10,"type":"if","locations":[{"start":{"line":10,"column":8},"end":{"line":10,"column":8}},{"start":{"line":10,"column":8},"end":{"line":10,"column":8}}]},"3":{"line":30,"type":"if","locations":[{"start":{"line":30,"column":8},"end":{"line":30,"column":8}},{"start":{"line":30,"column":8},"end":{"line":30,"column":8}}]},"4":{"line":33,"type":"if","locations":[{"start":{"line":33,"column":8},"end":{"line":33,"column":8}},{"start":{"line":33,"column":8},"end":{"line":33,"column":8}}]}}}}