{"/Users/alexmccaffrey/Desktop/304CEM-Assignment/spec/data-api-spec.js":{"path":"/Users/alexmccaffrey/Desktop/304CEM-Assignment/spec/data-api-spec.js","s":{"1":1,"2":1,"3":1,"4":0,"5":0,"6":0},"b":{},"f":{"1":1,"2":0,"3":0},"fnMap":{"1":{"name":"(anonymous_1)","line":3,"loc":{"start":{"line":3,"column":19},"end":{"line":3,"column":31}}},"2":{"name":"(anonymous_2)","line":4,"loc":{"start":{"line":4,"column":55},"end":{"line":4,"column":71}}},"3":{"name":"(anonymous_3)","line":5,"loc":{"start":{"line":5,"column":38},"end":{"line":5,"column":68}}}},"statementMap":{"1":{"start":{"line":2,"column":0},"end":{"line":2,"column":39}},"2":{"start":{"line":3,"column":0},"end":{"line":10,"column":6}},"3":{"start":{"line":4,"column":8},"end":{"line":9,"column":10}},"4":{"start":{"line":5,"column":12},"end":{"line":8,"column":14}},"5":{"start":{"line":6,"column":16},"end":{"line":6,"column":42}},"6":{"start":{"line":7,"column":16},"end":{"line":7,"column":38}}},"branchMap":{}},"/Users/alexmccaffrey/Desktop/304CEM-Assignment/modules/model.js":{"path":"/Users/alexmccaffrey/Desktop/304CEM-Assignment/modules/model.js","s":{"1":1,"2":1,"3":1,"4":0,"5":0,"6":0,"7":0,"8":0,"9":0,"10":0,"11":0,"12":0,"13":1,"14":0,"15":0,"16":0,"17":0,"18":0,"19":0,"20":0,"21":0,"22":0,"23":0,"24":1,"25":0,"26":0,"27":0,"28":0},"b":{},"f":{},"fnMap":{},"statementMap":{"1":{"start":{"line":2,"column":0},"end":{"line":2,"column":35}},"2":{"start":{"line":3,"column":0},"end":{"line":3,"column":33}},"3":{"start":{"line":4,"column":0},"end":{"line":20,"column":1}},"4":{"start":{"line":5,"column":4},"end":{"line":19,"column":6}},"5":{"start":{"line":6,"column":8},"end":{"line":6,"column":35}},"6":{"start":{"line":8,"column":8},"end":{"line":8,"column":36}},"7":{"start":{"line":9,"column":8},"end":{"line":9,"column":53}},"8":{"start":{"line":11,"column":8},"end":{"line":11,"column":24}},"9":{"start":{"line":12,"column":8},"end":{"line":12,"column":66}},"10":{"start":{"line":14,"column":8},"end":{"line":14,"column":65}},"11":{"start":{"line":16,"column":8},"end":{"line":16,"column":28}},"12":{"start":{"line":18,"column":8},"end":{"line":18,"column":21}},"13":{"start":{"line":21,"column":0},"end":{"line":36,"column":1}},"14":{"start":{"line":22,"column":4},"end":{"line":22,"column":12}},"15":{"start":{"line":23,"column":4},"end":{"line":23,"column":18}},"16":{"start":{"line":24,"column":4},"end":{"line":35,"column":6}},"17":{"start":{"line":25,"column":8},"end":{"line":25,"column":22}},"18":{"start":{"line":26,"column":8},"end":{"line":26,"column":30}},"19":{"start":{"line":28,"column":8},"end":{"line":28,"column":22}},"20":{"start":{"line":29,"column":8},"end":{"line":29,"column":30}},"21":{"start":{"line":31,"column":8},"end":{"line":31,"column":22}},"22":{"start":{"line":32,"column":8},"end":{"line":32,"column":31}},"23":{"start":{"line":34,"column":8},"end":{"line":34,"column":21}},"24":{"start":{"line":37,"column":0},"end":{"line":45,"column":1}},"25":{"start":{"line":38,"column":4},"end":{"line":44,"column":6}},"26":{"start":{"line":39,"column":8},"end":{"line":39,"column":42}},"27":{"start":{"line":41,"column":8},"end":{"line":41,"column":28}},"28":{"start":{"line":43,"column":8},"end":{"line":43,"column":21}}},"branchMap":{}},"/Users/alexmccaffrey/Desktop/304CEM-Assignment/modules/persistence.js":{"path":"/Users/alexmccaffrey/Desktop/304CEM-Assignment/modules/persistence.js","s":{"1":1,"2":1,"3":0,"4":0,"5":0,"6":0,"7":0,"8":0,"9":0,"10":0,"11":1,"12":0,"13":0,"14":0,"15":0,"16":0,"17":0,"18":0,"19":0,"20":0,"21":0,"22":1,"23":0,"24":0,"25":0,"26":0,"27":0,"28":1,"29":0,"30":0,"31":0,"32":0,"33":0,"34":0,"35":0,"36":1,"37":0,"38":0,"39":0,"40":0,"41":1,"42":0,"43":0,"44":0,"45":0},"b":{"1":[0,0],"2":[0,0],"3":[0,0],"4":[0,0],"5":[0,0],"6":[0,0],"7":[0,0],"8":[0,0],"9":[0,0],"10":[0,0],"11":[0,0]},"f":{"1":0,"2":0,"3":0,"4":0},"fnMap":{"1":{"name":"(anonymous_1)","line":38,"loc":{"start":{"line":38,"column":20},"end":{"line":38,"column":45}}},"2":{"name":"(anonymous_2)","line":39,"loc":{"start":{"line":39,"column":25},"end":{"line":39,"column":47}}},"3":{"name":"(anonymous_3)","line":44,"loc":{"start":{"line":44,"column":25},"end":{"line":44,"column":50}}},"4":{"name":"(anonymous_4)","line":45,"loc":{"start":{"line":45,"column":26},"end":{"line":45,"column":53}}}},"statementMap":{"1":{"start":{"line":2,"column":0},"end":{"line":2,"column":42}},"2":{"start":{"line":3,"column":0},"end":{"line":10,"column":2}},"3":{"start":{"line":3,"column":36},"end":{"line":10,"column":2}},"4":{"start":{"line":4,"column":4},"end":{"line":4,"column":100}},"5":{"start":{"line":4,"column":59},"end":{"line":4,"column":100}},"6":{"start":{"line":5,"column":4},"end":{"line":5,"column":47}},"7":{"start":{"line":6,"column":4},"end":{"line":9,"column":6}},"8":{"start":{"line":7,"column":8},"end":{"line":7,"column":61}},"9":{"start":{"line":7,"column":17},"end":{"line":7,"column":61}},"10":{"start":{"line":8,"column":8},"end":{"line":8,"column":21}},"11":{"start":{"line":11,"column":0},"end":{"line":20,"column":2}},"12":{"start":{"line":11,"column":29},"end":{"line":20,"column":2}},"13":{"start":{"line":12,"column":4},"end":{"line":12,"column":98}},"14":{"start":{"line":12,"column":58},"end":{"line":12,"column":98}},"15":{"start":{"line":13,"column":4},"end":{"line":13,"column":43}},"16":{"start":{"line":14,"column":4},"end":{"line":14,"column":36}},"17":{"start":{"line":15,"column":4},"end":{"line":15,"column":36}},"18":{"start":{"line":16,"column":4},"end":{"line":19,"column":6}},"19":{"start":{"line":17,"column":8},"end":{"line":17,"column":60}},"20":{"start":{"line":17,"column":17},"end":{"line":17,"column":60}},"21":{"start":{"line":18,"column":8},"end":{"line":18,"column":17}},"22":{"start":{"line":21,"column":0},"end":{"line":28,"column":2}},"23":{"start":{"line":21,"column":32},"end":{"line":28,"column":2}},"24":{"start":{"line":22,"column":4},"end":{"line":27,"column":6}},"25":{"start":{"line":25,"column":8},"end":{"line":25,"column":76}},"26":{"start":{"line":25,"column":25},"end":{"line":25,"column":76}},"27":{"start":{"line":26,"column":8},"end":{"line":26,"column":17}},"28":{"start":{"line":29,"column":0},"end":{"line":37,"column":2}},"29":{"start":{"line":29,"column":42},"end":{"line":37,"column":2}},"30":{"start":{"line":30,"column":4},"end":{"line":36,"column":6}},"31":{"start":{"line":33,"column":8},"end":{"line":33,"column":46}},"32":{"start":{"line":33,"column":17},"end":{"line":33,"column":46}},"33":{"start":{"line":34,"column":8},"end":{"line":34,"column":38}},"34":{"start":{"line":34,"column":25},"end":{"line":34,"column":38}},"35":{"start":{"line":35,"column":8},"end":{"line":35,"column":45}},"36":{"start":{"line":38,"column":0},"end":{"line":43,"column":1}},"37":{"start":{"line":39,"column":4},"end":{"line":42,"column":6}},"38":{"start":{"line":40,"column":8},"end":{"line":40,"column":58}},"39":{"start":{"line":40,"column":17},"end":{"line":40,"column":58}},"40":{"start":{"line":41,"column":8},"end":{"line":41,"column":36}},"41":{"start":{"line":44,"column":0},"end":{"line":49,"column":1}},"42":{"start":{"line":45,"column":4},"end":{"line":48,"column":6}},"43":{"start":{"line":46,"column":8},"end":{"line":46,"column":55}},"44":{"start":{"line":46,"column":17},"end":{"line":46,"column":55}},"45":{"start":{"line":47,"column":8},"end":{"line":47,"column":41}}},"branchMap":{"1":{"line":4,"type":"if","locations":[{"start":{"line":4,"column":4},"end":{"line":4,"column":4}},{"start":{"line":4,"column":4},"end":{"line":4,"column":4}}]},"2":{"line":4,"type":"binary-expr","locations":[{"start":{"line":4,"column":8},"end":{"line":4,"column":29}},{"start":{"line":4,"column":33},"end":{"line":4,"column":57}}]},"3":{"line":7,"type":"if","locations":[{"start":{"line":7,"column":8},"end":{"line":7,"column":8}},{"start":{"line":7,"column":8},"end":{"line":7,"column":8}}]},"4":{"line":12,"type":"if","locations":[{"start":{"line":12,"column":4},"end":{"line":12,"column":4}},{"start":{"line":12,"column":4},"end":{"line":12,"column":4}}]},"5":{"line":12,"type":"binary-expr","locations":[{"start":{"line":12,"column":8},"end":{"line":12,"column":30}},{"start":{"line":12,"column":34},"end":{"line":12,"column":56}}]},"6":{"line":17,"type":"if","locations":[{"start":{"line":17,"column":8},"end":{"line":17,"column":8}},{"start":{"line":17,"column":8},"end":{"line":17,"column":8}}]},"7":{"line":25,"type":"if","locations":[{"start":{"line":25,"column":8},"end":{"line":25,"column":8}},{"start":{"line":25,"column":8},"end":{"line":25,"column":8}}]},"8":{"line":33,"type":"if","locations":[{"start":{"line":33,"column":8},"end":{"line":33,"column":8}},{"start":{"line":33,"column":8},"end":{"line":33,"column":8}}]},"9":{"line":34,"type":"if","locations":[{"start":{"line":34,"column":8},"end":{"line":34,"column":8}},{"start":{"line":34,"column":8},"end":{"line":34,"column":8}}]},"10":{"line":40,"type":"if","locations":[{"start":{"line":40,"column":8},"end":{"line":40,"column":8}},{"start":{"line":40,"column":8},"end":{"line":40,"column":8}}]},"11":{"line":46,"type":"if","locations":[{"start":{"line":46,"column":8},"end":{"line":46,"column":8}},{"start":{"line":46,"column":8},"end":{"line":46,"column":8}}]}}},"/Users/alexmccaffrey/Desktop/304CEM-Assignment/schema/schema.js":{"path":"/Users/alexmccaffrey/Desktop/304CEM-Assignment/schema/schema.js","s":{"1":1,"2":1,"3":1,"4":1,"5":1,"6":1,"7":1,"8":1,"9":1,"10":1,"11":1,"12":1,"13":1},"b":{},"f":{"1":1,"2":1},"fnMap":{"1":{"name":"(anonymous_1)","line":23,"loc":{"start":{"line":23,"column":21},"end":{"line":23,"column":33}}},"2":{"name":"(anonymous_2)","line":24,"loc":{"start":{"line":24,"column":24},"end":{"line":24,"column":36}}}},"statementMap":{"1":{"start":{"line":2,"column":0},"end":{"line":2,"column":36}},"2":{"start":{"line":3,"column":0},"end":{"line":6,"column":1}},"3":{"start":{"line":7,"column":0},"end":{"line":7,"column":99}},"4":{"start":{"line":8,"column":0},"end":{"line":8,"column":33}},"5":{"start":{"line":9,"column":0},"end":{"line":10,"column":32}},"6":{"start":{"line":11,"column":0},"end":{"line":14,"column":2}},"7":{"start":{"line":15,"column":0},"end":{"line":15,"column":55}},"8":{"start":{"line":16,"column":0},"end":{"line":20,"column":2}},"9":{"start":{"line":21,"column":0},"end":{"line":21,"column":57}},"10":{"start":{"line":23,"column":0},"end":{"line":28,"column":2}},"11":{"start":{"line":24,"column":4},"end":{"line":27,"column":6}},"12":{"start":{"line":25,"column":8},"end":{"line":25,"column":88}},"13":{"start":{"line":26,"column":8},"end":{"line":26,"column":23}}},"branchMap":{}},"/Users/alexmccaffrey/Desktop/304CEM-Assignment/modules/data-api.js":{"path":"/Users/alexmccaffrey/Desktop/304CEM-Assignment/modules/data-api.js","s":{"1":1,"2":1,"3":1,"4":1,"5":0,"6":0,"7":0,"8":0,"9":1,"10":0,"11":0,"12":0,"13":1,"14":0,"15":0,"16":0,"17":1,"18":0,"19":0,"20":0,"21":1,"22":0,"23":0},"b":{"1":[0,0],"2":[0,0],"3":[0,0],"4":[0,0],"5":[0,0]},"f":{},"fnMap":{},"statementMap":{"1":{"start":{"line":2,"column":0},"end":{"line":2,"column":34}},"2":{"start":{"line":3,"column":0},"end":{"line":3,"column":36}},"3":{"start":{"line":4,"column":0},"end":{"line":4,"column":42}},"4":{"start":{"line":5,"column":0},"end":{"line":8,"column":2}},"5":{"start":{"line":5,"column":43},"end":{"line":8,"column":2}},"6":{"start":{"line":6,"column":4},"end":{"line":6,"column":124}},"7":{"start":{"line":6,"column":77},"end":{"line":6,"column":124}},"8":{"start":{"line":7,"column":4},"end":{"line":7,"column":34}},"9":{"start":{"line":9,"column":0},"end":{"line":9,"column":140}},"10":{"start":{"line":9,"column":29},"end":{"line":9,"column":140}},"11":{"start":{"line":9,"column":62},"end":{"line":9,"column":139}},"12":{"start":{"line":9,"column":103},"end":{"line":9,"column":138}},"13":{"start":{"line":10,"column":0},"end":{"line":10,"column":136}},"14":{"start":{"line":10,"column":27},"end":{"line":10,"column":136}},"15":{"start":{"line":10,"column":60},"end":{"line":10,"column":135}},"16":{"start":{"line":10,"column":99},"end":{"line":10,"column":134}},"17":{"start":{"line":11,"column":0},"end":{"line":11,"column":169}},"18":{"start":{"line":11,"column":44},"end":{"line":11,"column":169}},"19":{"start":{"line":11,"column":77},"end":{"line":11,"column":168}},"20":{"start":{"line":11,"column":132},"end":{"line":11,"column":167}},"21":{"start":{"line":12,"column":0},"end":{"line":18,"column":2}},"22":{"start":{"line":12,"column":57},"end":{"line":18,"column":2}},"23":{"start":{"line":13,"column":4},"end":{"line":17,"column":6}}},"branchMap":{"1":{"line":6,"type":"if","locations":[{"start":{"line":6,"column":4},"end":{"line":6,"column":4}},{"start":{"line":6,"column":4},"end":{"line":6,"column":4}}]},"2":{"line":6,"type":"binary-expr","locations":[{"start":{"line":6,"column":8},"end":{"line":6,"column":36}},{"start":{"line":6,"column":40},"end":{"line":6,"column":75}}]},"3":{"line":9,"type":"cond-expr","locations":[{"start":{"line":9,"column":109},"end":{"line":9,"column":120}},{"start":{"line":9,"column":123},"end":{"line":9,"column":138}}]},"4":{"line":10,"type":"cond-expr","locations":[{"start":{"line":10,"column":105},"end":{"line":10,"column":116}},{"start":{"line":10,"column":119},"end":{"line":10,"column":134}}]},"5":{"line":11,"type":"cond-expr","locations":[{"start":{"line":11,"column":138},"end":{"line":11,"column":149}},{"start":{"line":11,"column":152},"end":{"line":11,"column":167}}]}}},"/Users/alexmccaffrey/Desktop/304CEM-Assignment/modules/flickr.js":{"path":"/Users/alexmccaffrey/Desktop/304CEM-Assignment/modules/flickr.js","s":{"1":1,"2":1,"3":4,"4":4,"5":4,"6":0,"7":4,"8":4,"9":1,"10":3,"11":3,"12":1,"13":5,"14":5,"15":5,"16":0,"17":5,"18":5,"19":2,"20":3,"21":3},"b":{"1":[0,4],"2":[1,3],"3":[0,5],"4":[2,3]},"f":{},"fnMap":{},"statementMap":{"1":{"start":{"line":2,"column":0},"end":{"line":2,"column":34}},"2":{"start":{"line":3,"column":0},"end":{"line":26,"column":1}},"3":{"start":{"line":4,"column":4},"end":{"line":4,"column":203}},"4":{"start":{"line":5,"column":4},"end":{"line":25,"column":6}},"5":{"start":{"line":6,"column":8},"end":{"line":6,"column":59}},"6":{"start":{"line":6,"column":17},"end":{"line":6,"column":59}},"7":{"start":{"line":8,"column":8},"end":{"line":8,"column":37}},"8":{"start":{"line":9,"column":8},"end":{"line":24,"column":9}},"9":{"start":{"line":9,"column":39},"end":{"line":11,"column":10}},"10":{"start":{"line":13,"column":12},"end":{"line":22,"column":13}},"11":{"start":{"line":23,"column":12},"end":{"line":23,"column":32}},"12":{"start":{"line":27,"column":0},"end":{"line":46,"column":1}},"13":{"start":{"line":28,"column":4},"end":{"line":28,"column":169}},"14":{"start":{"line":29,"column":4},"end":{"line":45,"column":6}},"15":{"start":{"line":30,"column":8},"end":{"line":30,"column":59}},"16":{"start":{"line":30,"column":17},"end":{"line":30,"column":59}},"17":{"start":{"line":32,"column":8},"end":{"line":32,"column":37}},"18":{"start":{"line":33,"column":8},"end":{"line":44,"column":9}},"19":{"start":{"line":33,"column":34},"end":{"line":33,"column":48}},"20":{"start":{"line":35,"column":12},"end":{"line":42,"column":13}},"21":{"start":{"line":43,"column":12},"end":{"line":43,"column":32}}},"branchMap":{"1":{"line":6,"type":"if","locations":[{"start":{"line":6,"column":8},"end":{"line":6,"column":8}},{"start":{"line":6,"column":8},"end":{"line":6,"column":8}}]},"2":{"line":9,"type":"if","locations":[{"start":{"line":9,"column":8},"end":{"line":9,"column":8}},{"start":{"line":9,"column":8},"end":{"line":9,"column":8}}]},"3":{"line":30,"type":"if","locations":[{"start":{"line":30,"column":8},"end":{"line":30,"column":8}},{"start":{"line":30,"column":8},"end":{"line":30,"column":8}}]},"4":{"line":33,"type":"if","locations":[{"start":{"line":33,"column":8},"end":{"line":33,"column":8}},{"start":{"line":33,"column":8},"end":{"line":33,"column":8}}]}}},"/Users/alexmccaffrey/Desktop/304CEM-Assignment/modules/weather.js":{"path":"/Users/alexmccaffrey/Desktop/304CEM-Assignment/modules/weather.js","s":{"1":1,"2":1,"3":3,"4":3,"5":3,"6":3,"7":2,"8":1,"9":0,"10":1,"11":1},"b":{"1":[2,1],"2":[0,1]},"f":{},"fnMap":{},"statementMap":{"1":{"start":{"line":2,"column":0},"end":{"line":2,"column":34}},"2":{"start":{"line":3,"column":0},"end":{"line":29,"column":1}},"3":{"start":{"line":4,"column":4},"end":{"line":4,"column":115}},"4":{"start":{"line":5,"column":4},"end":{"line":28,"column":6}},"5":{"start":{"line":6,"column":8},"end":{"line":6,"column":37}},"6":{"start":{"line":7,"column":8},"end":{"line":27,"column":9}},"7":{"start":{"line":7,"column":42},"end":{"line":11,"column":10}},"8":{"start":{"line":12,"column":13},"end":{"line":27,"column":9}},"9":{"start":{"line":12,"column":47},"end":{"line":15,"column":10}},"10":{"start":{"line":17,"column":12},"end":{"line":25,"column":15}},"11":{"start":{"line":26,"column":12},"end":{"line":26,"column":32}}},"branchMap":{"1":{"line":7,"type":"if","locations":[{"start":{"line":7,"column":8},"end":{"line":7,"column":8}},{"start":{"line":7,"column":8},"end":{"line":7,"column":8}}]},"2":{"line":12,"type":"if","locations":[{"start":{"line":12,"column":13},"end":{"line":12,"column":13}},{"start":{"line":12,"column":13},"end":{"line":12,"column":13}}]}}},"/Users/alexmccaffrey/Desktop/304CEM-Assignment/spec/flickr-spec.js":{"path":"/Users/alexmccaffrey/Desktop/304CEM-Assignment/spec/flickr-spec.js","s":{"1":1,"2":1,"3":1,"4":1,"5":1,"6":1,"7":1,"8":1,"9":1,"10":1,"11":1,"12":1,"13":1,"14":1,"15":1,"16":1,"17":1,"18":1,"19":1,"20":1,"21":1,"22":1,"23":1,"24":1,"25":1,"26":1,"27":1,"28":1,"29":1,"30":1,"31":1,"32":1,"33":1,"34":1,"35":1,"36":1,"37":1,"38":1,"39":1,"40":1,"41":1,"42":1,"43":1,"44":1,"45":1,"46":1,"47":1,"48":1,"49":1,"50":1},"b":{},"f":{"1":1,"2":1,"3":1,"4":1,"5":1,"6":1,"7":1,"8":1,"9":1,"10":1,"11":1,"12":1,"13":1,"14":1,"15":1,"16":1,"17":1,"18":1,"19":1,"20":1},"fnMap":{"1":{"name":"(anonymous_1)","line":5,"loc":{"start":{"line":5,"column":31},"end":{"line":5,"column":43}}},"2":{"name":"(anonymous_2)","line":6,"loc":{"start":{"line":6,"column":49},"end":{"line":6,"column":65}}},"3":{"name":"(anonymous_3)","line":7,"loc":{"start":{"line":7,"column":37},"end":{"line":7,"column":67}}},"4":{"name":"(anonymous_4)","line":14,"loc":{"start":{"line":14,"column":58},"end":{"line":14,"column":74}}},"5":{"name":"(anonymous_5)","line":15,"loc":{"start":{"line":15,"column":37},"end":{"line":15,"column":67}}},"6":{"name":"(anonymous_6)","line":21,"loc":{"start":{"line":21,"column":72},"end":{"line":21,"column":88}}},"7":{"name":"(anonymous_7)","line":22,"loc":{"start":{"line":22,"column":44},"end":{"line":22,"column":74}}},"8":{"name":"(anonymous_8)","line":27,"loc":{"start":{"line":27,"column":44},"end":{"line":27,"column":60}}},"9":{"name":"(anonymous_9)","line":28,"loc":{"start":{"line":28,"column":37},"end":{"line":28,"column":67}}},"10":{"name":"(anonymous_10)","line":35,"loc":{"start":{"line":35,"column":32},"end":{"line":35,"column":44}}},"11":{"name":"(anonymous_11)","line":36,"loc":{"start":{"line":36,"column":56},"end":{"line":36,"column":72}}},"12":{"name":"(anonymous_12)","line":37,"loc":{"start":{"line":37,"column":41},"end":{"line":37,"column":71}}},"13":{"name":"(anonymous_13)","line":43,"loc":{"start":{"line":43,"column":58},"end":{"line":43,"column":74}}},"14":{"name":"(anonymous_14)","line":44,"loc":{"start":{"line":44,"column":30},"end":{"line":44,"column":60}}},"15":{"name":"(anonymous_15)","line":51,"loc":{"start":{"line":51,"column":66},"end":{"line":51,"column":82}}},"16":{"name":"(anonymous_16)","line":52,"loc":{"start":{"line":52,"column":31},"end":{"line":52,"column":61}}},"17":{"name":"(anonymous_17)","line":59,"loc":{"start":{"line":59,"column":49},"end":{"line":59,"column":65}}},"18":{"name":"(anonymous_18)","line":60,"loc":{"start":{"line":60,"column":41},"end":{"line":60,"column":71}}},"19":{"name":"(anonymous_19)","line":66,"loc":{"start":{"line":66,"column":41},"end":{"line":66,"column":57}}},"20":{"name":"(anonymous_20)","line":67,"loc":{"start":{"line":67,"column":41},"end":{"line":67,"column":71}}}},"statementMap":{"1":{"start":{"line":4,"column":0},"end":{"line":4,"column":43}},"2":{"start":{"line":5,"column":4},"end":{"line":34,"column":2}},"3":{"start":{"line":6,"column":4},"end":{"line":13,"column":6}},"4":{"start":{"line":7,"column":8},"end":{"line":12,"column":10}},"5":{"start":{"line":8,"column":12},"end":{"line":8,"column":34}},"6":{"start":{"line":9,"column":12},"end":{"line":9,"column":58}},"7":{"start":{"line":10,"column":12},"end":{"line":10,"column":58}},"8":{"start":{"line":11,"column":12},"end":{"line":11,"column":18}},"9":{"start":{"line":14,"column":4},"end":{"line":20,"column":6}},"10":{"start":{"line":15,"column":8},"end":{"line":19,"column":10}},"11":{"start":{"line":16,"column":12},"end":{"line":16,"column":34}},"12":{"start":{"line":17,"column":12},"end":{"line":17,"column":58}},"13":{"start":{"line":18,"column":12},"end":{"line":18,"column":18}},"14":{"start":{"line":21,"column":4},"end":{"line":26,"column":6}},"15":{"start":{"line":22,"column":8},"end":{"line":25,"column":10}},"16":{"start":{"line":23,"column":12},"end":{"line":23,"column":48}},"17":{"start":{"line":24,"column":12},"end":{"line":24,"column":18}},"18":{"start":{"line":27,"column":4},"end":{"line":33,"column":6}},"19":{"start":{"line":28,"column":8},"end":{"line":32,"column":10}},"20":{"start":{"line":29,"column":12},"end":{"line":29,"column":34}},"21":{"start":{"line":30,"column":12},"end":{"line":30,"column":65}},"22":{"start":{"line":31,"column":12},"end":{"line":31,"column":18}},"23":{"start":{"line":35,"column":0},"end":{"line":73,"column":2}},"24":{"start":{"line":36,"column":4},"end":{"line":42,"column":6}},"25":{"start":{"line":37,"column":8},"end":{"line":41,"column":10}},"26":{"start":{"line":38,"column":12},"end":{"line":38,"column":34}},"27":{"start":{"line":39,"column":12},"end":{"line":39,"column":61}},"28":{"start":{"line":40,"column":12},"end":{"line":40,"column":18}},"29":{"start":{"line":43,"column":4},"end":{"line":50,"column":6}},"30":{"start":{"line":44,"column":8},"end":{"line":49,"column":10}},"31":{"start":{"line":45,"column":12},"end":{"line":45,"column":41}},"32":{"start":{"line":46,"column":12},"end":{"line":46,"column":36}},"33":{"start":{"line":47,"column":12},"end":{"line":47,"column":54}},"34":{"start":{"line":48,"column":12},"end":{"line":48,"column":18}},"35":{"start":{"line":51,"column":4},"end":{"line":58,"column":6}},"36":{"start":{"line":52,"column":8},"end":{"line":57,"column":10}},"37":{"start":{"line":53,"column":12},"end":{"line":53,"column":41}},"38":{"start":{"line":54,"column":12},"end":{"line":54,"column":36}},"39":{"start":{"line":55,"column":12},"end":{"line":55,"column":55}},"40":{"start":{"line":56,"column":12},"end":{"line":56,"column":18}},"41":{"start":{"line":59,"column":4},"end":{"line":65,"column":6}},"42":{"start":{"line":60,"column":8},"end":{"line":64,"column":10}},"43":{"start":{"line":61,"column":12},"end":{"line":61,"column":34}},"44":{"start":{"line":62,"column":12},"end":{"line":62,"column":58}},"45":{"start":{"line":63,"column":12},"end":{"line":63,"column":18}},"46":{"start":{"line":66,"column":4},"end":{"line":72,"column":6}},"47":{"start":{"line":67,"column":8},"end":{"line":71,"column":10}},"48":{"start":{"line":68,"column":12},"end":{"line":68,"column":34}},"49":{"start":{"line":69,"column":12},"end":{"line":69,"column":66}},"50":{"start":{"line":70,"column":12},"end":{"line":70,"column":18}}},"branchMap":{}},"/Users/alexmccaffrey/Desktop/304CEM-Assignment/spec/server-spec.js":{"path":"/Users/alexmccaffrey/Desktop/304CEM-Assignment/spec/server-spec.js","s":{"1":1,"2":1},"b":{},"f":{},"fnMap":{},"statementMap":{"1":{"start":{"line":2,"column":0},"end":{"line":2,"column":34}},"2":{"start":{"line":3,"column":0},"end":{"line":3,"column":41}}},"branchMap":{}},"/Users/alexmccaffrey/Desktop/304CEM-Assignment/spec/users-spec.js":{"path":"/Users/alexmccaffrey/Desktop/304CEM-Assignment/spec/users-spec.js","s":{},"b":{},"f":{},"fnMap":{},"statementMap":{},"branchMap":{}},"/Users/alexmccaffrey/Desktop/304CEM-Assignment/spec/weather-spec.js":{"path":"/Users/alexmccaffrey/Desktop/304CEM-Assignment/spec/weather-spec.js","s":{"1":1,"2":1,"3":1,"4":1,"5":1,"6":1,"7":1,"8":1,"9":1,"10":1,"11":1,"12":1,"13":1,"14":1,"15":1,"16":1,"17":1,"18":1,"19":1,"20":1,"21":1},"b":{},"f":{"1":1,"2":1,"3":1,"4":1,"5":1,"6":1,"7":1},"fnMap":{"1":{"name":"(anonymous_1)","line":4,"loc":{"start":{"line":4,"column":34},"end":{"line":4,"column":46}}},"2":{"name":"(anonymous_2)","line":5,"loc":{"start":{"line":5,"column":55},"end":{"line":5,"column":71}}},"3":{"name":"(anonymous_3)","line":8,"loc":{"start":{"line":8,"column":46},"end":{"line":8,"column":76}}},"4":{"name":"(anonymous_4)","line":15,"loc":{"start":{"line":15,"column":53},"end":{"line":15,"column":69}}},"5":{"name":"(anonymous_5)","line":16,"loc":{"start":{"line":16,"column":48},"end":{"line":16,"column":78}}},"6":{"name":"(anonymous_6)","line":23,"loc":{"start":{"line":23,"column":49},"end":{"line":23,"column":65}}},"7":{"name":"(anonymous_7)","line":24,"loc":{"start":{"line":24,"column":44},"end":{"line":24,"column":74}}}},"statementMap":{"1":{"start":{"line":3,"column":0},"end":{"line":3,"column":45}},"2":{"start":{"line":4,"column":0},"end":{"line":30,"column":2}},"3":{"start":{"line":5,"column":4},"end":{"line":14,"column":6}},"4":{"start":{"line":6,"column":8},"end":{"line":6,"column":33}},"5":{"start":{"line":7,"column":8},"end":{"line":7,"column":33}},"6":{"start":{"line":8,"column":8},"end":{"line":13,"column":10}},"7":{"start":{"line":9,"column":12},"end":{"line":9,"column":34}},"8":{"start":{"line":10,"column":12},"end":{"line":10,"column":57}},"9":{"start":{"line":11,"column":12},"end":{"line":11,"column":49}},"10":{"start":{"line":12,"column":12},"end":{"line":12,"column":18}},"11":{"start":{"line":15,"column":4},"end":{"line":22,"column":6}},"12":{"start":{"line":16,"column":8},"end":{"line":21,"column":10}},"13":{"start":{"line":17,"column":12},"end":{"line":17,"column":39}},"14":{"start":{"line":18,"column":12},"end":{"line":18,"column":52}},"15":{"start":{"line":19,"column":12},"end":{"line":19,"column":41}},"16":{"start":{"line":20,"column":12},"end":{"line":20,"column":18}},"17":{"start":{"line":23,"column":4},"end":{"line":29,"column":6}},"18":{"start":{"line":24,"column":8},"end":{"line":28,"column":10}},"19":{"start":{"line":25,"column":12},"end":{"line":25,"column":39}},"20":{"start":{"line":26,"column":12},"end":{"line":26,"column":52}},"21":{"start":{"line":27,"column":12},"end":{"line":27,"column":18}}},"branchMap":{}}}