TN:
SF:/Users/alexmccaffrey/Desktop/304CEM-Assignment/spec/data-api-spec.js
FNF:0
FNH:0
DA:1,1
DA:2,1
DA:3,1
DA:4,1
DA:5,1
DA:21,1
LF:6
LH:6
BRF:0
BRH:0
end_of_record
TN:
SF:/Users/alexmccaffrey/Desktop/304CEM-Assignment/spec/flickr-spec.js
FN:5,(anonymous_1)
FN:6,(anonymous_2)
FN:7,(anonymous_3)
FN:14,(anonymous_4)
FN:15,(anonymous_5)
FN:21,(anonymous_6)
FN:22,(anonymous_7)
FN:27,(anonymous_8)
FN:28,(anonymous_9)
FN:35,(anonymous_10)
FN:36,(anonymous_11)
FN:37,(anonymous_12)
FN:43,(anonymous_13)
FN:44,(anonymous_14)
FN:51,(anonymous_15)
FN:52,(anonymous_16)
FN:59,(anonymous_17)
FN:60,(anonymous_18)
FN:66,(anonymous_19)
FN:67,(anonymous_20)
FNF:20
FNH:20
FNDA:1,(anonymous_1)
FNDA:1,(anonymous_2)
FNDA:1,(anonymous_3)
FNDA:1,(anonymous_4)
FNDA:1,(anonymous_5)
FNDA:1,(anonymous_6)
FNDA:1,(anonymous_7)
FNDA:1,(anonymous_8)
FNDA:1,(anonymous_9)
FNDA:1,(anonymous_10)
FNDA:1,(anonymous_11)
FNDA:1,(anonymous_12)
FNDA:1,(anonymous_13)
FNDA:1,(anonymous_14)
FNDA:1,(anonymous_15)
FNDA:1,(anonymous_16)
FNDA:1,(anonymous_17)
FNDA:1,(anonymous_18)
FNDA:1,(anonymous_19)
FNDA:1,(anonymous_20)
DA:4,1
DA:5,1
DA:6,1
DA:7,1
DA:8,1
DA:9,1
DA:10,1
DA:11,1
DA:14,1
DA:15,1
DA:16,1
DA:17,1
DA:18,1
DA:21,1
DA:22,1
DA:23,1
DA:24,1
DA:27,1
DA:28,1
DA:29,1
DA:30,1
DA:31,1
DA:35,1
DA:36,1
DA:37,1
DA:38,1
DA:39,1
DA:40,1
DA:43,1
DA:44,1
DA:45,1
DA:46,1
DA:47,1
DA:48,1
DA:51,1
DA:52,1
DA:53,1
DA:54,1
DA:55,1
DA:56,1
DA:59,1
DA:60,1
DA:61,1
DA:62,1
DA:63,1
DA:66,1
DA:67,1
DA:68,1
DA:69,1
DA:70,1
LF:50
LH:50
BRF:0
BRH:0
end_of_record
TN:
SF:/Users/alexmccaffrey/Desktop/304CEM-Assignment/modules/flickr.js
FNF:0
FNH:0
DA:3,1
DA:12,1
DA:13,4
DA:15,4
DA:16,4
DA:18,4
DA:20,4
DA:24,3
DA:35,3
DA:47,1
DA:48,5
DA:50,5
DA:51,5
DA:53,5
DA:55,5
DA:57,3
DA:58,3
DA:67,3
LF:18
LH:18
BRDA:16,1,0,0
BRDA:16,1,1,4
BRDA:20,2,0,1
BRDA:20,2,1,3
BRDA:51,3,0,0
BRDA:51,3,1,5
BRDA:55,4,0,2
BRDA:55,4,1,3
BRF:8
BRH:6
end_of_record
TN:
SF:/Users/alexmccaffrey/Desktop/304CEM-Assignment/spec/persistence-spec.js
FNF:0
FNH:0
DA:1,1
DA:2,1
DA:3,1
DA:4,1
DA:5,1
DA:6,1
DA:7,1
DA:8,1
DA:10,1
DA:23,1
DA:30,1
DA:40,1
DA:52,1
DA:60,1
DA:66,1
LF:15
LH:15
BRF:0
BRH:0
end_of_record
TN:
SF:/Users/alexmccaffrey/Desktop/304CEM-Assignment/spec/server-spec.js
FNF:0
FNH:0
LF:0
LH:0
BRF:0
BRH:0
end_of_record
TN:
SF:/Users/alexmccaffrey/Desktop/304CEM-Assignment/spec/weather-spec.js
FN:4,(anonymous_1)
FN:5,(anonymous_2)
FN:8,(anonymous_3)
FN:15,(anonymous_4)
FN:16,(anonymous_5)
FN:23,(anonymous_6)
FN:24,(anonymous_7)
FNF:7
FNH:7
FNDA:1,(anonymous_1)
FNDA:1,(anonymous_2)
FNDA:1,(anonymous_3)
FNDA:1,(anonymous_4)
FNDA:1,(anonymous_5)
FNDA:1,(anonymous_6)
FNDA:1,(anonymous_7)
DA:3,1
DA:4,1
DA:5,1
DA:6,1
DA:7,1
DA:8,1
DA:9,1
DA:10,1
DA:11,1
DA:12,1
DA:15,1
DA:16,1
DA:17,1
DA:18,1
DA:19,1
DA:20,1
DA:23,1
DA:24,1
DA:25,1
DA:26,1
DA:27,1
LF:21
LH:21
BRF:0
BRH:0
end_of_record
TN:
SF:/Users/alexmccaffrey/Desktop/304CEM-Assignment/modules/weather.js
FNF:0
FNH:0
DA:2,1
DA:4,1
DA:5,3
DA:7,3
DA:8,3
DA:10,3
DA:11,3
DA:16,1
DA:21,1
DA:31,1
LF:10
LH:10
BRDA:10,1,0,0
BRDA:10,1,1,3
BRDA:11,2,0,2
BRDA:11,2,1,1
BRDA:16,3,0,0
BRDA:16,3,1,1
BRF:6
BRH:4
end_of_record
